1677560991581	geckodriver	INFO	Listening on 127.0.0.1:44863
1677560991619	mozrunner::runner	INFO	Running command: "/usr/bin/firefox" "--marionette" "--remote-debugging-port" "43053" "--remote-allow-hosts" "localhost" "-no-remote" "-profile" "/tmp/rust_mozprofile8HJHKz"
console.warn: services.settings: Ignoring preference override of remote settings server
console.warn: services.settings: Allow by setting MOZ_REMOTE_SETTINGS_DEVTOOLS=1 in the environment
ATTENTION: default value of option mesa_glthread overridden by environment.
ATTENTION: default value of option mesa_glthread overridden by environment.
ATTENTION: default value of option mesa_glthread overridden by environment.
ATTENTION: default value of option mesa_glthread overridden by environment.
1677560992033	Marionette	INFO	Marionette enabled
1677560992036	Marionette	INFO	Listening on port 34341
Read port: 34341
WebDriver BiDi listening on ws://127.0.0.1:43053
1677560992162	RemoteAgent	WARN	TLS certificate errors will be ignored for this session
console.error: ({})
console.warn: SearchSettings: "get: No settings file exists, new profile?" (new NotFoundError("Could not open the file at /tmp/rust_mozprofile8HJHKz/search.json.mozlz4", (void 0)))
DevTools listening on ws://127.0.0.1:43053/devtools/browser/1baebddf-70c2-4130-99dd-28003e71853f
1677561003434	Marionette	INFO	Stopped listening on port 34341
1677561218642	geckodriver	INFO	Listening on 127.0.0.1:54805
1677561218674	mozrunner::runner	INFO	Running command: "/usr/bin/firefox" "--marionette" "-headless" "--remote-debugging-port" "48313" "--remote-allow-hosts" "localhost" "-no-remote" "-profile" "/tmp/rust_mozprofileitA0q1"
*** You are running in headless mode.
console.warn: services.settings: Ignoring preference override of remote settings server
console.warn: services.settings: Allow by setting MOZ_REMOTE_SETTINGS_DEVTOOLS=1 in the environment
1677561218935	Marionette	INFO	Marionette enabled
1677561218937	Marionette	INFO	Listening on port 43939
Read port: 43939
WebDriver BiDi listening on ws://127.0.0.1:48313
1677561219047	RemoteAgent	WARN	TLS certificate errors will be ignored for this session
[GFX1-]: RenderCompositorSWGL failed mapping default framebuffer, no dt
console.error: ({})
console.warn: SearchSettings: "get: No settings file exists, new profile?" (new NotFoundError("Could not open the file at /tmp/rust_mozprofileitA0q1/search.json.mozlz4", (void 0)))
DevTools listening on ws://127.0.0.1:48313/devtools/browser/673109b5-02a5-4749-903c-a342725ad1f3
JavaScript warning: https://ads.adthrive.com/builds/core/6c397bf/vendor/prebid/es2018/prebid.min.js, line 1: unreachable code after return statement
JavaScript warning: https://ads.adthrive.com/builds/core/6c397bf/es2018/js/adthrive.min.js?deployment=stable&experiments=rubiconFloors,recencyFrequency&siteid=5c9b6001b80bec0dfaf0b493, line 3: WEBGL_debug_renderer_info is deprecated in Firefox and will be removed. Please use RENDERER.
1677561242859	Marionette	INFO	Stopped listening on port 43939
Sandbox: Unexpected EOF, op 0 flags 00 path /proc/cpuinfo
1677561246442	geckodriver	INFO	Listening on 127.0.0.1:43923
1677561246550	mozrunner::runner	INFO	Running command: "/usr/bin/firefox" "--marionette" "-headless" "--remote-debugging-port" "32935" "--remote-allow-hosts" "localhost" "-no-remote" "-profile" "/tmp/rust_mozprofilesxEaZF"
*** You are running in headless mode.
console.warn: services.settings: Ignoring preference override of remote settings server
console.warn: services.settings: Allow by setting MOZ_REMOTE_SETTINGS_DEVTOOLS=1 in the environment
1677561246827	Marionette	INFO	Marionette enabled
1677561246830	Marionette	INFO	Listening on port 46311
Read port: 46311
WebDriver BiDi listening on ws://127.0.0.1:32935
1677561246914	RemoteAgent	WARN	TLS certificate errors will be ignored for this session
[GFX1-]: RenderCompositorSWGL failed mapping default framebuffer, no dt
console.error: ({})
console.warn: SearchSettings: "get: No settings file exists, new profile?" (new NotFoundError("Could not open the file at /tmp/rust_mozprofilesxEaZF/search.json.mozlz4", (void 0)))
DevTools listening on ws://127.0.0.1:32935/devtools/browser/3cbac9e2-395d-48de-8088-91b6edbfc981
JavaScript warning: https://ads.adthrive.com/builds/core/6c397bf/es2018/js/adthrive.min.js?deployment=stable&experiments=rubiconFloors,recencyFrequency&siteid=5c9b6001b80bec0dfaf0b493, line 3: WEBGL_debug_renderer_info is deprecated in Firefox and will be removed. Please use RENDERER.
JavaScript warning: https://ads.adthrive.com/builds/core/6c397bf/vendor/prebid/es2018/prebid.min.js, line 1: unreachable code after return statement
1677561266648	Marionette	INFO	Stopped listening on port 46311
JavaScript error: , line 0: TypeError: NetworkError when attempting to fetch resource.
JavaScript error: , line 0: TypeError: NetworkError when attempting to fetch resource.
JavaScript error: , line 0: TypeError: NetworkError when attempting to fetch resource.
JavaScript error: , line 0: TypeError: NetworkError when attempting to fetch resource.
JavaScript error: , line 0: TypeError: NetworkError when attempting to fetch resource.
JavaScript error: , line 0: TypeError: NetworkError when attempting to fetch resource.
1677561305668	geckodriver	INFO	Listening on 127.0.0.1:60855
1677561305717	mozrunner::runner	INFO	Running command: "/usr/bin/firefox" "--marionette" "-headless" "--remote-debugging-port" "45311" "--remote-allow-hosts" "localhost" "-no-remote" "-profile" "/tmp/rust_mozprofileZu25na"
*** You are running in headless mode.
console.warn: services.settings: Ignoring preference override of remote settings server
console.warn: services.settings: Allow by setting MOZ_REMOTE_SETTINGS_DEVTOOLS=1 in the environment
1677561305989	Marionette	INFO	Marionette enabled
1677561305991	Marionette	INFO	Listening on port 39677
Read port: 39677
WebDriver BiDi listening on ws://127.0.0.1:45311
1677561306085	RemoteAgent	WARN	TLS certificate errors will be ignored for this session
[GFX1-]: RenderCompositorSWGL failed mapping default framebuffer, no dt
console.error: ({})
console.warn: SearchSettings: "get: No settings file exists, new profile?" (new NotFoundError("Could not open the file at /tmp/rust_mozprofileZu25na/search.json.mozlz4", (void 0)))
DevTools listening on ws://127.0.0.1:45311/devtools/browser/65bcba87-7af7-45ed-9efb-aacbbbe8d421
JavaScript warning: https://ads.adthrive.com/builds/core/6c397bf/vendor/prebid/es2018/prebid.min.js, line 1: unreachable code after return statement
JavaScript warning: https://ads.adthrive.com/builds/core/6c397bf/es2018/js/adthrive.min.js?deployment=stable&experiments=rubiconFloors,recencyFrequency&siteid=5c9b6001b80bec0dfaf0b493, line 3: WEBGL_debug_renderer_info is deprecated in Firefox and will be removed. Please use RENDERER.
JavaScript warning: https://pagead2.googlesyndication.com/bg/bP143D2MlfrYa-8L1g1kZrRY_Hu8960J3R7GynJ9320.js line 2 > eval line 4015 > eval line 1 > eval line 1 > eval, line 1: WEBGL_debug_renderer_info is deprecated in Firefox and will be removed. Please use RENDERER.
JavaScript error: , line 0: uncaught exception: 7
JavaScript warning: https://pagead2.googlesyndication.com/bg/bP143D2MlfrYa-8L1g1kZrRY_Hu8960J3R7GynJ9320.js line 2 > eval line 300 > eval line 1 > eval line 1 > eval, line 1: WEBGL_debug_renderer_info is deprecated in Firefox and will be removed. Please use RENDERER.
1677561320859	Marionette	INFO	Stopped listening on port 39677
JavaScript error: , line 0: TypeError: NetworkError when attempting to fetch resource.
JavaScript error: , line 0: TypeError: NetworkError when attempting to fetch resource.
JavaScript error: , line 0: TypeError: NetworkError when attempting to fetch resource.
JavaScript error: , line 0: TypeError: NetworkError when attempting to fetch resource.
JavaScript error: , line 0: TypeError: NetworkError when attempting to fetch resource.
JavaScript error: , line 0: TypeError: NetworkError when attempting to fetch resource.
1677561338562	geckodriver	INFO	Listening on 127.0.0.1:49463
1677561338611	mozrunner::runner	INFO	Running command: "/usr/bin/firefox" "--marionette" "--remote-debugging-port" "39871" "--remote-allow-hosts" "localhost" "-no-remote" "-profile" "/tmp/rust_mozprofileLnUi7w"
console.warn: services.settings: Ignoring preference override of remote settings server
console.warn: services.settings: Allow by setting MOZ_REMOTE_SETTINGS_DEVTOOLS=1 in the environment
ATTENTION: default value of option mesa_glthread overridden by environment.
ATTENTION: default value of option mesa_glthread overridden by environment.
ATTENTION: default value of option mesa_glthread overridden by environment.
ATTENTION: default value of option mesa_glthread overridden by environment.
1677561339233	Marionette	INFO	Marionette enabled
1677561339244	Marionette	INFO	Listening on port 36801
Read port: 36801
WebDriver BiDi listening on ws://127.0.0.1:39871
1677561339457	RemoteAgent	WARN	TLS certificate errors will be ignored for this session
console.error: ({})
console.warn: SearchSettings: "get: No settings file exists, new profile?" (new NotFoundError("Could not open the file at /tmp/rust_mozprofileLnUi7w/search.json.mozlz4", (void 0)))
DevTools listening on ws://127.0.0.1:39871/devtools/browser/551d356a-cfd0-4c1c-8978-abd1dcdeb388
JavaScript warning: https://ads.adthrive.com/builds/core/6c397bf/vendor/prebid/es2018/prebid.min.js, line 1: unreachable code after return statement
JavaScript warning: https://ads.adthrive.com/builds/core/6c397bf/es2018/js/adthrive.min.js?deployment=stable&experiments=rubiconFloors,recencyFrequency&siteid=5c9b6001b80bec0dfaf0b493, line 3: WEBGL_debug_renderer_info is deprecated in Firefox and will be removed. Please use RENDERER.
1677561347473	Marionette	INFO	Stopped listening on port 36801
JavaScript error: resource://devtools/client/jsonview/Sniffer.sys.mjs, line 53: NS_ERROR_NOT_AVAILABLE: Component returned failure code: 0x80040111 (NS_ERROR_NOT_AVAILABLE) [nsIChannel.contentType]
1677561439703	geckodriver	INFO	Listening on 127.0.0.1:56615
1677561439756	mozrunner::runner	INFO	Running command: "/usr/bin/firefox" "--marionette" "--remote-debugging-port" "58811" "--remote-allow-hosts" "localhost" "-no-remote" "-profile" "/tmp/rust_mozprofileih6FX6"
console.warn: services.settings: Ignoring preference override of remote settings server
console.warn: services.settings: Allow by setting MOZ_REMOTE_SETTINGS_DEVTOOLS=1 in the environment
ATTENTION: default value of option mesa_glthread overridden by environment.
ATTENTION: default value of option mesa_glthread overridden by environment.
ATTENTION: default value of option mesa_glthread overridden by environment.
ATTENTION: default value of option mesa_glthread overridden by environment.
1677561440410	Marionette	INFO	Marionette enabled
1677561440412	Marionette	INFO	Listening on port 39119
Read port: 39119
WebDriver BiDi listening on ws://127.0.0.1:58811
1677561440661	RemoteAgent	WARN	TLS certificate errors will be ignored for this session
console.error: ({})
console.warn: SearchSettings: "get: No settings file exists, new profile?" (new NotFoundError("Could not open the file at /tmp/rust_mozprofileih6FX6/search.json.mozlz4", (void 0)))
DevTools listening on ws://127.0.0.1:58811/devtools/browser/1aeaa746-15a5-4dcf-a310-d27f967812f9
1677561452256	Marionette	INFO	Stopped listening on port 39119
1677561539323	geckodriver	INFO	Listening on 127.0.0.1:56417
1677561539381	mozrunner::runner	INFO	Running command: "/usr/bin/firefox" "--marionette" "--remote-debugging-port" "38231" "--remote-allow-hosts" "localhost" "-no-remote" "-profile" "/tmp/rust_mozprofileoKiMaS"
console.warn: services.settings: Ignoring preference override of remote settings server
console.warn: services.settings: Allow by setting MOZ_REMOTE_SETTINGS_DEVTOOLS=1 in the environment
ATTENTION: default value of option mesa_glthread overridden by environment.
ATTENTION: default value of option mesa_glthread overridden by environment.
ATTENTION: default value of option mesa_glthread overridden by environment.
ATTENTION: default value of option mesa_glthread overridden by environment.
1677561540296	Marionette	INFO	Marionette enabled
1677561540303	Marionette	INFO	Listening on port 38641
Read port: 38641
WebDriver BiDi listening on ws://127.0.0.1:38231
1677561540751	RemoteAgent	WARN	TLS certificate errors will be ignored for this session
console.error: ({})
console.warn: SearchSettings: "get: No settings file exists, new profile?" (new NotFoundError("Could not open the file at /tmp/rust_mozprofileoKiMaS/search.json.mozlz4", (void 0)))
DevTools listening on ws://127.0.0.1:38231/devtools/browser/53a48c07-491c-45a3-928e-c07fd2fc965d
1677561549119	Marionette	INFO	Stopped listening on port 38641
1677561572339	geckodriver	INFO	Listening on 127.0.0.1:42757
1677561572387	mozrunner::runner	INFO	Running command: "/usr/bin/firefox" "--marionette" "--remote-debugging-port" "55929" "--remote-allow-hosts" "localhost" "-no-remote" "-profile" "/tmp/rust_mozprofilez3IX5A"
console.warn: services.settings: Ignoring preference override of remote settings server
console.warn: services.settings: Allow by setting MOZ_REMOTE_SETTINGS_DEVTOOLS=1 in the environment
ATTENTION: default value of option mesa_glthread overridden by environment.
ATTENTION: default value of option mesa_glthread overridden by environment.
ATTENTION: default value of option mesa_glthread overridden by environment.
ATTENTION: default value of option mesa_glthread overridden by environment.
1677561573023	Marionette	INFO	Marionette enabled
1677561573033	Marionette	INFO	Listening on port 38053
Read port: 38053
WebDriver BiDi listening on ws://127.0.0.1:55929
1677561573234	RemoteAgent	WARN	TLS certificate errors will be ignored for this session
console.error: ({})
console.warn: SearchSettings: "get: No settings file exists, new profile?" (new NotFoundError("Could not open the file at /tmp/rust_mozprofilez3IX5A/search.json.mozlz4", (void 0)))
DevTools listening on ws://127.0.0.1:55929/devtools/browser/79359b54-99f9-44f7-a390-de4c8c30953d
1677561584590	Marionette	INFO	Stopped listening on port 38053
Sandbox: Unexpected EOF, op 0 flags 00 path /proc/cpuinfo
1677561795815	geckodriver	INFO	Listening on 127.0.0.1:46771
1677561795855	mozrunner::runner	INFO	Running command: "/usr/bin/firefox" "--marionette" "--remote-debugging-port" "52269" "--remote-allow-hosts" "localhost" "-no-remote" "-profile" "/tmp/rust_mozprofileKgHhDC"
console.warn: services.settings: Ignoring preference override of remote settings server
console.warn: services.settings: Allow by setting MOZ_REMOTE_SETTINGS_DEVTOOLS=1 in the environment
ATTENTION: default value of option mesa_glthread overridden by environment.
ATTENTION: default value of option mesa_glthread overridden by environment.
ATTENTION: default value of option mesa_glthread overridden by environment.
ATTENTION: default value of option mesa_glthread overridden by environment.
1677561796338	Marionette	INFO	Marionette enabled
1677561796341	Marionette	INFO	Listening on port 43825
Read port: 43825
WebDriver BiDi listening on ws://127.0.0.1:52269
1677561796507	RemoteAgent	WARN	TLS certificate errors will be ignored for this session
console.error: ({})
console.warn: SearchSettings: "get: No settings file exists, new profile?" (new NotFoundError("Could not open the file at /tmp/rust_mozprofileKgHhDC/search.json.mozlz4", (void 0)))
DevTools listening on ws://127.0.0.1:52269/devtools/browser/18d7f71e-99b1-4687-9eed-47379f8d0493
JavaScript error: resource://gre/modules/AsyncShutdown.sys.mjs, line 576: NotFoundError: No such JSWindowActor 'DevToolsFrame'
JavaScript error: resource://gre/modules/AsyncShutdown.sys.mjs, line 576: NotFoundError: No such JSWindowActor 'DevToolsFrame'
JavaScript error: resource://gre/modules/AsyncShutdown.sys.mjs, line 576: NotFoundError: No such JSWindowActor 'DevToolsFrame'
JavaScript error: resource://gre/modules/AsyncShutdown.sys.mjs, line 576: NotFoundError: No such JSWindowActor 'DevToolsFrame'
JavaScript error: resource://gre/modules/AsyncShutdown.sys.mjs, line 576: NotFoundError: No such JSWindowActor 'DevToolsFrame'
JavaScript error: resource://gre/modules/AsyncShutdown.sys.mjs, line 576: NotFoundError: No such JSWindowActor 'DevToolsFrame'
JavaScript error: resource://gre/modules/AsyncShutdown.sys.mjs, line 576: NotFoundError: No such JSWindowActor 'DevToolsFrame'
JavaScript error: resource://gre/modules/AsyncShutdown.sys.mjs, line 576: NotFoundError: No such JSWindowActor 'DevToolsFrame'
1677561902251	Marionette	INFO	Stopped listening on port 43825
1677561906870	geckodriver	INFO	Listening on 127.0.0.1:45453
1677561906911	mozrunner::runner	INFO	Running command: "/usr/bin/firefox" "--marionette" "--remote-debugging-port" "35021" "--remote-allow-hosts" "localhost" "-no-remote" "-profile" "/tmp/rust_mozprofile2bFCBn"
console.warn: services.settings: Ignoring preference override of remote settings server
console.warn: services.settings: Allow by setting MOZ_REMOTE_SETTINGS_DEVTOOLS=1 in the environment
ATTENTION: default value of option mesa_glthread overridden by environment.
ATTENTION: default value of option mesa_glthread overridden by environment.
ATTENTION: default value of option mesa_glthread overridden by environment.
ATTENTION: default value of option mesa_glthread overridden by environment.
1677561907459	Marionette	INFO	Marionette enabled
1677561907461	Marionette	INFO	Listening on port 36465
Read port: 36465
WebDriver BiDi listening on ws://127.0.0.1:35021
1677561907610	RemoteAgent	WARN	TLS certificate errors will be ignored for this session
console.error: ({})
console.warn: SearchSettings: "get: No settings file exists, new profile?" (new NotFoundError("Could not open the file at /tmp/rust_mozprofile2bFCBn/search.json.mozlz4", (void 0)))
DevTools listening on ws://127.0.0.1:35021/devtools/browser/f6513daa-ca01-4199-9029-9f649af152d9
JavaScript error: resource://gre/modules/AsyncShutdown.sys.mjs, line 576: NotFoundError: No such JSWindowActor 'DevToolsFrame'
JavaScript error: resource://gre/modules/AsyncShutdown.sys.mjs, line 576: NotFoundError: No such JSWindowActor 'DevToolsFrame'
JavaScript error: resource://gre/modules/AsyncShutdown.sys.mjs, line 576: NotFoundError: No such JSWindowActor 'DevToolsFrame'
JavaScript error: resource://gre/modules/AsyncShutdown.sys.mjs, line 576: NotFoundError: No such JSWindowActor 'DevToolsFrame'
JavaScript error: resource://gre/modules/AsyncShutdown.sys.mjs, line 576: NotFoundError: No such JSWindowActor 'DevToolsFrame'
JavaScript error: resource://gre/modules/AsyncShutdown.sys.mjs, line 576: NotFoundError: No such JSWindowActor 'DevToolsFrame'
JavaScript error: resource://gre/modules/AsyncShutdown.sys.mjs, line 576: NotFoundError: No such JSWindowActor 'DevToolsFrame'
JavaScript error: resource://gre/modules/AsyncShutdown.sys.mjs, line 576: NotFoundError: No such JSWindowActor 'DevToolsFrame'
JavaScript error: resource://gre/modules/AsyncShutdown.sys.mjs, line 576: NotFoundError: No such JSWindowActor 'DevToolsFrame'
1677562134438	Marionette	INFO	Stopped listening on port 36465
1677562137678	geckodriver	INFO	Listening on 127.0.0.1:49791
1677562137726	mozrunner::runner	INFO	Running command: "/usr/bin/firefox" "--marionette" "--remote-debugging-port" "48321" "--remote-allow-hosts" "localhost" "-no-remote" "-profile" "/tmp/rust_mozprofileUIE2KY"
console.warn: services.settings: Ignoring preference override of remote settings server
console.warn: services.settings: Allow by setting MOZ_REMOTE_SETTINGS_DEVTOOLS=1 in the environment
ATTENTION: default value of option mesa_glthread overridden by environment.
ATTENTION: default value of option mesa_glthread overridden by environment.
ATTENTION: default value of option mesa_glthread overridden by environment.
ATTENTION: default value of option mesa_glthread overridden by environment.
1677562138258	Marionette	INFO	Marionette enabled
1677562138262	Marionette	INFO	Listening on port 46361
Read port: 46361
WebDriver BiDi listening on ws://127.0.0.1:48321
1677562138446	RemoteAgent	WARN	TLS certificate errors will be ignored for this session
console.error: ({})
console.warn: SearchSettings: "get: No settings file exists, new profile?" (new NotFoundError("Could not open the file at /tmp/rust_mozprofileUIE2KY/search.json.mozlz4", (void 0)))
DevTools listening on ws://127.0.0.1:48321/devtools/browser/919d8d25-0c73-42e3-b62f-63c6032f9f26
JavaScript error: resource://gre/modules/AsyncShutdown.sys.mjs, line 576: NotFoundError: No such JSWindowActor 'DevToolsFrame'
JavaScript error: resource://gre/modules/AsyncShutdown.sys.mjs, line 576: NotFoundError: No such JSWindowActor 'DevToolsFrame'
JavaScript error: resource://gre/modules/AsyncShutdown.sys.mjs, line 576: NotFoundError: No such JSWindowActor 'DevToolsFrame'
JavaScript error: resource://gre/modules/AsyncShutdown.sys.mjs, line 576: NotFoundError: No such JSWindowActor 'DevToolsFrame'
JavaScript error: resource://gre/modules/AsyncShutdown.sys.mjs, line 576: NotFoundError: No such JSWindowActor 'DevToolsFrame'
JavaScript error: resource://gre/modules/AsyncShutdown.sys.mjs, line 576: NotFoundError: No such JSWindowActor 'DevToolsFrame'
JavaScript error: resource://gre/modules/AsyncShutdown.sys.mjs, line 576: NotFoundError: No such JSWindowActor 'DevToolsFrame'
JavaScript error: resource://gre/modules/AsyncShutdown.sys.mjs, line 576: NotFoundError: No such JSWindowActor 'DevToolsFrame'
JavaScript error: resource://gre/modules/AsyncShutdown.sys.mjs, line 576: NotFoundError: No such JSWindowActor 'DevToolsFrame'
1677562390428	Marionette	INFO	Stopped listening on port 46361
1677562396283	geckodriver	INFO	Listening on 127.0.0.1:56343
1677562396331	mozrunner::runner	INFO	Running command: "/usr/bin/firefox" "--marionette" "--remote-debugging-port" "36161" "--remote-allow-hosts" "localhost" "-no-remote" "-profile" "/tmp/rust_mozprofileH4HnAZ"
console.warn: services.settings: Ignoring preference override of remote settings server
console.warn: services.settings: Allow by setting MOZ_REMOTE_SETTINGS_DEVTOOLS=1 in the environment
ATTENTION: default value of option mesa_glthread overridden by environment.
ATTENTION: default value of option mesa_glthread overridden by environment.
ATTENTION: default value of option mesa_glthread overridden by environment.
ATTENTION: default value of option mesa_glthread overridden by environment.
1677562396863	Marionette	INFO	Marionette enabled
1677562396865	Marionette	INFO	Listening on port 41803
Read port: 41803
WebDriver BiDi listening on ws://127.0.0.1:36161
1677562397021	RemoteAgent	WARN	TLS certificate errors will be ignored for this session
console.error: ({})
console.warn: SearchSettings: "get: No settings file exists, new profile?" (new NotFoundError("Could not open the file at /tmp/rust_mozprofileH4HnAZ/search.json.mozlz4", (void 0)))
DevTools listening on ws://127.0.0.1:36161/devtools/browser/c1d467f9-7113-42bc-a892-22501edd64a8
console.error: (new TypeError("parent is null", "resource://devtools/client/inspector/shared/style-change-tracker.js", 67))
TypeError: parent is null: canMutationImpactCurrentStyles@resource://devtools/client/inspector/shared/style-change-tracker.js:67:24
onMutations@resource://devtools/client/inspector/shared/style-change-tracker.js:84:41
_emit@resource://devtools/shared/event-emitter.js:242:32
emit@resource://devtools/shared/event-emitter.js:186:18
emit@resource://devtools/shared/event-emitter.js:330:18
getMutations@resource://devtools/client/fronts/walker.js:313:10

console.error: (new TypeError("parent is null", "resource://devtools/client/inspector/shared/style-change-tracker.js", 67))
TypeError: parent is null: canMutationImpactCurrentStyles@resource://devtools/client/inspector/shared/style-change-tracker.js:67:24
onMutations@resource://devtools/client/inspector/shared/style-change-tracker.js:84:41
_emit@resource://devtools/shared/event-emitter.js:242:32
emit@resource://devtools/shared/event-emitter.js:186:18
emit@resource://devtools/shared/event-emitter.js:330:18
getMutations@resource://devtools/client/fronts/walker.js:313:10

console.error: (new TypeError("nodeFront.walkerFront is null", "resource://devtools/client/inspector/markup/markup.js", 1012))
TypeError: nodeFront.walkerFront is null: _onNewSelection@resource://devtools/client/inspector/markup/markup.js:1012:7
_emit@resource://devtools/shared/event-emitter.js:242:32
emit@resource://devtools/shared/event-emitter.js:186:18
emit@resource://devtools/shared/event-emitter.js:330:18
setNodeFront@resource://devtools/client/framework/selection.js:203:10
onDetached@resource://devtools/client/inspector/inspector.js:1685:20
_emit@resource://devtools/shared/event-emitter.js:242:32
emit@resource://devtools/shared/event-emitter.js:186:18
emit@resource://devtools/shared/event-emitter.js:330:18
_onMutations@resource://devtools/client/framework/selection.js:104:12
_emit@resource://devtools/shared/event-emitter.js:242:32
emit@resource://devtools/shared/event-emitter.js:186:18
emit@resource://devtools/shared/event-emitter.js:330:18
getMutations@resource://devtools/client/fronts/walker.js:313:10

console.error: (new Error("Can not send request 'getUniqueSelector' because front 'domnode' is already destroyed.", "resource://devtools/shared/protocol/Front/FrontClassWithSpec.js", 28))
console.error: (new TypeError("container.node.targetFront is null", "resource://devtools/client/inspector/markup/markup.js", 2397))
console.warn: "Listener for event 'frame' did not return a promise."
console.warn: "Listener for event 'frame' did not return a promise."
console.warn: "Listener for event 'frame' did not return a promise."
console.warn: "Listener for event 'frame' did not return a promise."
console.error: (new TypeError("parent is null", "resource://devtools/client/inspector/shared/style-change-tracker.js", 67))
TypeError: parent is null: canMutationImpactCurrentStyles@resource://devtools/client/inspector/shared/style-change-tracker.js:67:24
onMutations@resource://devtools/client/inspector/shared/style-change-tracker.js:84:41
_emit@resource://devtools/shared/event-emitter.js:242:32
emit@resource://devtools/shared/event-emitter.js:186:18
emit@resource://devtools/shared/event-emitter.js:330:18
getMutations@resource://devtools/client/fronts/walker.js:313:10

JavaScript error: resource://gre/modules/AsyncShutdown.sys.mjs, line 576: NotFoundError: No such JSWindowActor 'DevToolsFrame'
JavaScript error: resource://gre/modules/AsyncShutdown.sys.mjs, line 576: NotFoundError: No such JSWindowActor 'DevToolsFrame'
JavaScript error: resource://gre/modules/AsyncShutdown.sys.mjs, line 576: NotFoundError: No such JSWindowActor 'DevToolsFrame'
JavaScript error: resource://gre/modules/AsyncShutdown.sys.mjs, line 576: NotFoundError: No such JSWindowActor 'DevToolsFrame'
JavaScript error: resource://gre/modules/AsyncShutdown.sys.mjs, line 576: NotFoundError: No such JSWindowActor 'DevToolsFrame'
JavaScript error: resource://gre/modules/AsyncShutdown.sys.mjs, line 576: NotFoundError: No such JSWindowActor 'DevToolsFrame'
JavaScript error: resource://gre/modules/AsyncShutdown.sys.mjs, line 576: NotFoundError: No such JSWindowActor 'DevToolsFrame'
JavaScript error: resource://gre/modules/AsyncShutdown.sys.mjs, line 576: NotFoundError: No such JSWindowActor 'DevToolsFrame'
JavaScript error: resource://gre/modules/AsyncShutdown.sys.mjs, line 576: NotFoundError: No such JSWindowActor 'DevToolsFrame'
1677562536978	Marionette	INFO	Stopped listening on port 41803
1677562541395	geckodriver	INFO	Listening on 127.0.0.1:47229
1677562541438	mozrunner::runner	INFO	Running command: "/usr/bin/firefox" "--marionette" "--remote-debugging-port" "34835" "--remote-allow-hosts" "localhost" "-no-remote" "-profile" "/tmp/rust_mozprofileGxJmhD"
console.warn: services.settings: Ignoring preference override of remote settings server
console.warn: services.settings: Allow by setting MOZ_REMOTE_SETTINGS_DEVTOOLS=1 in the environment
ATTENTION: default value of option mesa_glthread overridden by environment.
ATTENTION: default value of option mesa_glthread overridden by environment.
ATTENTION: default value of option mesa_glthread overridden by environment.
ATTENTION: default value of option mesa_glthread overridden by environment.
1677562541882	Marionette	INFO	Marionette enabled
1677562541887	Marionette	INFO	Listening on port 44475
Read port: 44475
WebDriver BiDi listening on ws://127.0.0.1:34835
1677562542043	RemoteAgent	WARN	TLS certificate errors will be ignored for this session
console.error: ({})
console.warn: SearchSettings: "get: No settings file exists, new profile?" (new NotFoundError("Could not open the file at /tmp/rust_mozprofileGxJmhD/search.json.mozlz4", (void 0)))
DevTools listening on ws://127.0.0.1:34835/devtools/browser/b24dd284-e30a-4276-9502-2b8007dc5183
1677562569491	Marionette	INFO	Stopped listening on port 44475
1677562600082	geckodriver	INFO	Listening on 127.0.0.1:50975
1677562600142	mozrunner::runner	INFO	Running command: "/usr/bin/firefox" "--marionette" "--remote-debugging-port" "53769" "--remote-allow-hosts" "localhost" "-no-remote" "-profile" "/tmp/rust_mozprofileUjoeS5"
console.warn: services.settings: Ignoring preference override of remote settings server
console.warn: services.settings: Allow by setting MOZ_REMOTE_SETTINGS_DEVTOOLS=1 in the environment
ATTENTION: default value of option mesa_glthread overridden by environment.
ATTENTION: default value of option mesa_glthread overridden by environment.
ATTENTION: default value of option mesa_glthread overridden by environment.
ATTENTION: default value of option mesa_glthread overridden by environment.
1677562600763	Marionette	INFO	Marionette enabled
1677562600774	Marionette	INFO	Listening on port 42039
Read port: 42039
WebDriver BiDi listening on ws://127.0.0.1:53769
1677562600981	RemoteAgent	WARN	TLS certificate errors will be ignored for this session
console.error: ({})
console.warn: SearchSettings: "get: No settings file exists, new profile?" (new NotFoundError("Could not open the file at /tmp/rust_mozprofileUjoeS5/search.json.mozlz4", (void 0)))
DevTools listening on ws://127.0.0.1:53769/devtools/browser/827efe8d-0521-470c-8106-7fd6475c15fa
console.error: (new TypeError("parent is null", "resource://devtools/client/inspector/shared/style-change-tracker.js", 67))
TypeError: parent is null: canMutationImpactCurrentStyles@resource://devtools/client/inspector/shared/style-change-tracker.js:67:24
onMutations@resource://devtools/client/inspector/shared/style-change-tracker.js:84:41
_emit@resource://devtools/shared/event-emitter.js:242:32
emit@resource://devtools/shared/event-emitter.js:186:18
emit@resource://devtools/shared/event-emitter.js:330:18
getMutations@resource://devtools/client/fronts/walker.js:313:10

console.error: (new TypeError("nodeFront.walkerFront is null", "resource://devtools/client/inspector/markup/markup.js", 1012))
TypeError: nodeFront.walkerFront is null: _onNewSelection@resource://devtools/client/inspector/markup/markup.js:1012:7
_emit@resource://devtools/shared/event-emitter.js:242:32
emit@resource://devtools/shared/event-emitter.js:186:18
emit@resource://devtools/shared/event-emitter.js:330:18
setNodeFront@resource://devtools/client/framework/selection.js:203:10
onDetached@resource://devtools/client/inspector/inspector.js:1685:20
_emit@resource://devtools/shared/event-emitter.js:242:32
emit@resource://devtools/shared/event-emitter.js:186:18
emit@resource://devtools/shared/event-emitter.js:330:18
_onMutations@resource://devtools/client/framework/selection.js:104:12
_emit@resource://devtools/shared/event-emitter.js:242:32
emit@resource://devtools/shared/event-emitter.js:186:18
emit@resource://devtools/shared/event-emitter.js:330:18
getMutations@resource://devtools/client/fronts/walker.js:313:10

console.error: (new Error("Can not send request 'getUniqueSelector' because front 'domnode' is already destroyed.", "resource://devtools/shared/protocol/Front/FrontClassWithSpec.js", 28))
console.error: (new TypeError("container.node.targetFront is null", "resource://devtools/client/inspector/markup/markup.js", 2397))
console.warn: "Listener for event 'frame' did not return a promise."
console.warn: "Listener for event 'frame' did not return a promise."
console.warn: "Listener for event 'frame' did not return a promise."
console.warn: "Listener for event 'frame' did not return a promise."
console.error: (new TypeError("parent is null", "resource://devtools/client/inspector/shared/style-change-tracker.js", 67))
TypeError: parent is null: canMutationImpactCurrentStyles@resource://devtools/client/inspector/shared/style-change-tracker.js:67:24
onMutations@resource://devtools/client/inspector/shared/style-change-tracker.js:84:41
_emit@resource://devtools/shared/event-emitter.js:242:32
emit@resource://devtools/shared/event-emitter.js:186:18
emit@resource://devtools/shared/event-emitter.js:330:18
getMutations@resource://devtools/client/fronts/walker.js:313:10

console.error: (new TypeError("parent is null", "resource://devtools/client/inspector/shared/style-change-tracker.js", 67))
TypeError: parent is null: canMutationImpactCurrentStyles@resource://devtools/client/inspector/shared/style-change-tracker.js:67:24
onMutations@resource://devtools/client/inspector/shared/style-change-tracker.js:84:41
_emit@resource://devtools/shared/event-emitter.js:242:32
emit@resource://devtools/shared/event-emitter.js:186:18
emit@resource://devtools/shared/event-emitter.js:330:18
getMutations@resource://devtools/client/fronts/walker.js:313:10

console.error: (new TypeError("parent is null", "resource://devtools/client/inspector/shared/style-change-tracker.js", 67))
TypeError: parent is null: canMutationImpactCurrentStyles@resource://devtools/client/inspector/shared/style-change-tracker.js:67:24
onMutations@resource://devtools/client/inspector/shared/style-change-tracker.js:84:41
_emit@resource://devtools/shared/event-emitter.js:242:32
emit@resource://devtools/shared/event-emitter.js:186:18
emit@resource://devtools/shared/event-emitter.js:330:18
getMutations@resource://devtools/client/fronts/walker.js:313:10

console.warn: "Listener for event 'frame' did not return a promise."
console.warn: "Listener for event 'frame' did not return a promise."
console.warn: "Listener for event 'frame' did not return a promise."
console.warn: "Listener for event 'frame' did not return a promise."
console.error: (new TypeError("parent is null", "resource://devtools/client/inspector/shared/style-change-tracker.js", 67))
TypeError: parent is null: canMutationImpactCurrentStyles@resource://devtools/client/inspector/shared/style-change-tracker.js:67:24
onMutations@resource://devtools/client/inspector/shared/style-change-tracker.js:84:41
_emit@resource://devtools/shared/event-emitter.js:242:32
emit@resource://devtools/shared/event-emitter.js:186:18
emit@resource://devtools/shared/event-emitter.js:330:18
getMutations@resource://devtools/client/fronts/walker.js:313:10

JavaScript error: resource://gre/modules/AsyncShutdown.sys.mjs, line 576: NotFoundError: No such JSWindowActor 'DevToolsFrame'
JavaScript error: resource://gre/modules/AsyncShutdown.sys.mjs, line 576: NotFoundError: No such JSWindowActor 'DevToolsFrame'
JavaScript error: resource://gre/modules/AsyncShutdown.sys.mjs, line 576: NotFoundError: No such JSWindowActor 'DevToolsFrame'
JavaScript error: resource://gre/modules/AsyncShutdown.sys.mjs, line 576: NotFoundError: No such JSWindowActor 'DevToolsFrame'
JavaScript error: resource://gre/modules/AsyncShutdown.sys.mjs, line 576: NotFoundError: No such JSWindowActor 'DevToolsFrame'
JavaScript error: resource://gre/modules/AsyncShutdown.sys.mjs, line 576: NotFoundError: No such JSWindowActor 'DevToolsFrame'
JavaScript error: resource://gre/modules/AsyncShutdown.sys.mjs, line 576: NotFoundError: No such JSWindowActor 'DevToolsFrame'
JavaScript error: resource://gre/modules/AsyncShutdown.sys.mjs, line 576: NotFoundError: No such JSWindowActor 'DevToolsFrame'
JavaScript error: resource://gre/modules/AsyncShutdown.sys.mjs, line 576: NotFoundError: No such JSWindowActor 'DevToolsFrame'
JavaScript error: resource://gre/modules/AsyncShutdown.sys.mjs, line 576: NotFoundError: No such JSWindowActor 'DevToolsFrame'
JavaScript error: resource://gre/modules/AsyncShutdown.sys.mjs, line 576: NotFoundError: No such JSWindowActor 'DevToolsFrame'
JavaScript error: resource://gre/modules/AsyncShutdown.sys.mjs, line 576: NotFoundError: No such JSWindowActor 'DevToolsFrame'
JavaScript error: resource://gre/modules/AsyncShutdown.sys.mjs, line 576: NotFoundError: No such JSWindowActor 'DevToolsFrame'
1677562788478	Marionette	INFO	Stopped listening on port 42039
1677562793734	geckodriver	INFO	Listening on 127.0.0.1:37923
1677562793783	mozrunner::runner	INFO	Running command: "/usr/bin/firefox" "--marionette" "--remote-debugging-port" "41593" "--remote-allow-hosts" "localhost" "-no-remote" "-profile" "/tmp/rust_mozprofileqrZoMl"
console.warn: services.settings: Ignoring preference override of remote settings server
console.warn: services.settings: Allow by setting MOZ_REMOTE_SETTINGS_DEVTOOLS=1 in the environment
ATTENTION: default value of option mesa_glthread overridden by environment.
ATTENTION: default value of option mesa_glthread overridden by environment.
ATTENTION: default value of option mesa_glthread overridden by environment.
ATTENTION: default value of option mesa_glthread overridden by environment.
1677562794335	Marionette	INFO	Marionette enabled
1677562794338	Marionette	INFO	Listening on port 37999
Read port: 37999
WebDriver BiDi listening on ws://127.0.0.1:41593
1677562794512	RemoteAgent	WARN	TLS certificate errors will be ignored for this session
console.error: ({})
console.warn: SearchSettings: "get: No settings file exists, new profile?" (new NotFoundError("Could not open the file at /tmp/rust_mozprofileqrZoMl/search.json.mozlz4", (void 0)))
DevTools listening on ws://127.0.0.1:41593/devtools/browser/32cc42d8-3763-4312-acde-0f470bf1bfc1
1677563797985	Marionette	INFO	Stopped listening on port 37999
1677622493451	geckodriver	INFO	Listening on 127.0.0.1:60541
1677622494088	mozrunner::runner	INFO	Running command: "/usr/bin/firefox" "--marionette" "--remote-debugging-port" "51397" "--remote-allow-hosts" "localhost" "-no-remote" "-profile" "/tmp/rust_mozprofileZCqtui"
console.warn: services.settings: Ignoring preference override of remote settings server
console.warn: services.settings: Allow by setting MOZ_REMOTE_SETTINGS_DEVTOOLS=1 in the environment
ATTENTION: default value of option mesa_glthread overridden by environment.
ATTENTION: default value of option mesa_glthread overridden by environment.
ATTENTION: default value of option mesa_glthread overridden by environment.
ATTENTION: default value of option mesa_glthread overridden by environment.
1677622495071	Marionette	INFO	Marionette enabled
1677622495076	Marionette	INFO	Listening on port 33491
Read port: 33491
WebDriver BiDi listening on ws://127.0.0.1:51397
1677622495364	RemoteAgent	WARN	TLS certificate errors will be ignored for this session
console.error: ({})
console.warn: SearchSettings: "get: No settings file exists, new profile?" (new NotFoundError("Could not open the file at /tmp/rust_mozprofileZCqtui/search.json.mozlz4", (void 0)))
DevTools listening on ws://127.0.0.1:51397/devtools/browser/6837a70c-8dd4-4268-97a1-35ac2c943bd1
1677622921140	geckodriver	INFO	Listening on 127.0.0.1:48337
1677622921184	mozrunner::runner	INFO	Running command: "/usr/bin/firefox" "--marionette" "--remote-debugging-port" "36051" "--remote-allow-hosts" "localhost" "-no-remote" "-profile" "/tmp/rust_mozprofilewUvcTD"
console.warn: services.settings: Ignoring preference override of remote settings server
console.warn: services.settings: Allow by setting MOZ_REMOTE_SETTINGS_DEVTOOLS=1 in the environment
ATTENTION: default value of option mesa_glthread overridden by environment.
ATTENTION: default value of option mesa_glthread overridden by environment.
ATTENTION: default value of option mesa_glthread overridden by environment.
ATTENTION: default value of option mesa_glthread overridden by environment.
1677622921924	Marionette	INFO	Marionette enabled
1677622921927	Marionette	INFO	Listening on port 37997
Read port: 37997
WebDriver BiDi listening on ws://127.0.0.1:36051
1677622922105	RemoteAgent	WARN	TLS certificate errors will be ignored for this session
console.error: ({})
console.warn: SearchSettings: "get: No settings file exists, new profile?" (new NotFoundError("Could not open the file at /tmp/rust_mozprofilewUvcTD/search.json.mozlz4", (void 0)))
DevTools listening on ws://127.0.0.1:36051/devtools/browser/a4cd412c-c0eb-429a-8318-6801cb17d337
1677622940647	Marionette	INFO	Stopped listening on port 37997
1677623130848	geckodriver	INFO	Listening on 127.0.0.1:44789
1677623130892	mozrunner::runner	INFO	Running command: "/usr/bin/firefox" "--marionette" "--remote-debugging-port" "34055" "--remote-allow-hosts" "localhost" "-no-remote" "-profile" "/tmp/rust_mozprofileJMBvKs"
console.warn: services.settings: Ignoring preference override of remote settings server
console.warn: services.settings: Allow by setting MOZ_REMOTE_SETTINGS_DEVTOOLS=1 in the environment
ATTENTION: default value of option mesa_glthread overridden by environment.
ATTENTION: default value of option mesa_glthread overridden by environment.
ATTENTION: default value of option mesa_glthread overridden by environment.
ATTENTION: default value of option mesa_glthread overridden by environment.
1677623131696	Marionette	INFO	Marionette enabled
1677623131699	Marionette	INFO	Listening on port 43169
Read port: 43169
WebDriver BiDi listening on ws://127.0.0.1:34055
1677623131960	RemoteAgent	WARN	TLS certificate errors will be ignored for this session
console.error: ({})
console.warn: SearchSettings: "get: No settings file exists, new profile?" (new NotFoundError("Could not open the file at /tmp/rust_mozprofileJMBvKs/search.json.mozlz4", (void 0)))
DevTools listening on ws://127.0.0.1:34055/devtools/browser/583621f2-c659-430d-90d1-2546d29915dd
1677623137709	Marionette	INFO	Stopped listening on port 33491
1677623166767	Marionette	INFO	Stopped listening on port 43169
1677623681424	geckodriver	INFO	Listening on 127.0.0.1:34561
1677623681468	mozrunner::runner	INFO	Running command: "/usr/bin/firefox" "--marionette" "--remote-debugging-port" "59549" "--remote-allow-hosts" "localhost" "-no-remote" "-profile" "/tmp/rust_mozprofilemxV8ZP"
console.warn: services.settings: Ignoring preference override of remote settings server
console.warn: services.settings: Allow by setting MOZ_REMOTE_SETTINGS_DEVTOOLS=1 in the environment
ATTENTION: default value of option mesa_glthread overridden by environment.
ATTENTION: default value of option mesa_glthread overridden by environment.
ATTENTION: default value of option mesa_glthread overridden by environment.
ATTENTION: default value of option mesa_glthread overridden by environment.
1677623682230	Marionette	INFO	Marionette enabled
1677623682233	Marionette	INFO	Listening on port 39259
Read port: 39259
WebDriver BiDi listening on ws://127.0.0.1:59549
1677623682436	RemoteAgent	WARN	TLS certificate errors will be ignored for this session
console.error: ({})
console.warn: SearchSettings: "get: No settings file exists, new profile?" (new NotFoundError("Could not open the file at /tmp/rust_mozprofilemxV8ZP/search.json.mozlz4", (void 0)))
DevTools listening on ws://127.0.0.1:59549/devtools/browser/b238e45b-9bad-4b0c-bfee-78c97b9400f2
1677623745596	Marionette	INFO	Stopped listening on port 39259
1677623823000	geckodriver	INFO	Listening on 127.0.0.1:36985
1677623823044	mozrunner::runner	INFO	Running command: "/usr/bin/firefox" "--marionette" "--remote-debugging-port" "54279" "--remote-allow-hosts" "localhost" "-no-remote" "-profile" "/tmp/rust_mozprofile2JZIJp"
console.warn: services.settings: Ignoring preference override of remote settings server
console.warn: services.settings: Allow by setting MOZ_REMOTE_SETTINGS_DEVTOOLS=1 in the environment
ATTENTION: default value of option mesa_glthread overridden by environment.
ATTENTION: default value of option mesa_glthread overridden by environment.
ATTENTION: default value of option mesa_glthread overridden by environment.
ATTENTION: default value of option mesa_glthread overridden by environment.
1677623823768	Marionette	INFO	Marionette enabled
1677623823771	Marionette	INFO	Listening on port 40699
Read port: 40699
WebDriver BiDi listening on ws://127.0.0.1:54279
1677623823969	RemoteAgent	WARN	TLS certificate errors will be ignored for this session
console.error: ({})
console.warn: SearchSettings: "get: No settings file exists, new profile?" (new NotFoundError("Could not open the file at /tmp/rust_mozprofile2JZIJp/search.json.mozlz4", (void 0)))
DevTools listening on ws://127.0.0.1:54279/devtools/browser/61ee9fea-f656-4068-a7db-f079ce72dafb
1677623934153	Marionette	INFO	Stopped listening on port 40699
1677624207297	geckodriver	INFO	Listening on 127.0.0.1:58329
1677624207344	mozrunner::runner	INFO	Running command: "/usr/bin/firefox" "--marionette" "--remote-debugging-port" "40305" "--remote-allow-hosts" "localhost" "-no-remote" "-profile" "/tmp/rust_mozprofilebxOcjX"
console.warn: services.settings: Ignoring preference override of remote settings server
console.warn: services.settings: Allow by setting MOZ_REMOTE_SETTINGS_DEVTOOLS=1 in the environment
ATTENTION: default value of option mesa_glthread overridden by environment.
ATTENTION: default value of option mesa_glthread overridden by environment.
ATTENTION: default value of option mesa_glthread overridden by environment.
ATTENTION: default value of option mesa_glthread overridden by environment.
1677624208114	Marionette	INFO	Marionette enabled
1677624208118	Marionette	INFO	Listening on port 35335
Read port: 35335
WebDriver BiDi listening on ws://127.0.0.1:40305
1677624208308	RemoteAgent	WARN	TLS certificate errors will be ignored for this session
console.error: ({})
console.warn: SearchSettings: "get: No settings file exists, new profile?" (new NotFoundError("Could not open the file at /tmp/rust_mozprofilebxOcjX/search.json.mozlz4", (void 0)))
DevTools listening on ws://127.0.0.1:40305/devtools/browser/72642c93-eaee-4e1b-9892-7e543b4b8628
1677624249060	Marionette	INFO	Stopped listening on port 35335
1677624557228	geckodriver	INFO	Listening on 127.0.0.1:47763
1677624557272	mozrunner::runner	INFO	Running command: "/usr/bin/firefox" "--marionette" "--remote-debugging-port" "59743" "--remote-allow-hosts" "localhost" "-no-remote" "-profile" "/tmp/rust_mozprofiledGlm07"
console.warn: services.settings: Ignoring preference override of remote settings server
console.warn: services.settings: Allow by setting MOZ_REMOTE_SETTINGS_DEVTOOLS=1 in the environment
ATTENTION: default value of option mesa_glthread overridden by environment.
ATTENTION: default value of option mesa_glthread overridden by environment.
ATTENTION: default value of option mesa_glthread overridden by environment.
ATTENTION: default value of option mesa_glthread overridden by environment.
1677624558060	Marionette	INFO	Marionette enabled
1677624558064	Marionette	INFO	Listening on port 42017
Read port: 42017
WebDriver BiDi listening on ws://127.0.0.1:59743
1677624558258	RemoteAgent	WARN	TLS certificate errors will be ignored for this session
console.error: ({})
console.warn: SearchSettings: "get: No settings file exists, new profile?" (new NotFoundError("Could not open the file at /tmp/rust_mozprofiledGlm07/search.json.mozlz4", (void 0)))
DevTools listening on ws://127.0.0.1:59743/devtools/browser/d8150cf2-b5a4-495f-ae10-5804de31ac53
console.warn: LoginRecipes: "Falling back to a synchronous message for: https://www.giving.uts.edu.au."
JavaScript error: resource://gre/modules/AsyncShutdown.sys.mjs, line 576: NotFoundError: No such JSWindowActor 'DevToolsFrame'
JavaScript error: resource://gre/modules/AsyncShutdown.sys.mjs, line 576: NotFoundError: No such JSWindowActor 'DevToolsFrame'
JavaScript error: resource://gre/modules/AsyncShutdown.sys.mjs, line 576: NotFoundError: No such JSWindowActor 'DevToolsFrame'
JavaScript error: resource://gre/modules/AsyncShutdown.sys.mjs, line 576: NotFoundError: No such JSWindowActor 'DevToolsFrame'
JavaScript error: resource://gre/modules/AsyncShutdown.sys.mjs, line 576: NotFoundError: No such JSWindowActor 'DevToolsFrame'
JavaScript error: resource://gre/modules/AsyncShutdown.sys.mjs, line 576: NotFoundError: No such JSWindowActor 'DevToolsFrame'
JavaScript error: resource://gre/modules/AsyncShutdown.sys.mjs, line 576: NotFoundError: No such JSWindowActor 'DevToolsFrame'
JavaScript error: resource://gre/modules/AsyncShutdown.sys.mjs, line 576: NotFoundError: No such JSWindowActor 'DevToolsFrame'
JavaScript error: resource://gre/modules/AsyncShutdown.sys.mjs, line 576: NotFoundError: No such JSWindowActor 'DevToolsFrame'
JavaScript error: resource://gre/modules/AsyncShutdown.sys.mjs, line 576: NotFoundError: No such JSWindowActor 'DevToolsFrame'
1677624837922	Marionette	INFO	Stopped listening on port 42017
1677624839986	geckodriver	INFO	Listening on 127.0.0.1:58847
1677624840032	mozrunner::runner	INFO	Running command: "/usr/bin/firefox" "--marionette" "--remote-debugging-port" "57425" "--remote-allow-hosts" "localhost" "-no-remote" "-profile" "/tmp/rust_mozprofile7pMto9"
console.warn: services.settings: Ignoring preference override of remote settings server
console.warn: services.settings: Allow by setting MOZ_REMOTE_SETTINGS_DEVTOOLS=1 in the environment
ATTENTION: default value of option mesa_glthread overridden by environment.
ATTENTION: default value of option mesa_glthread overridden by environment.
ATTENTION: default value of option mesa_glthread overridden by environment.
ATTENTION: default value of option mesa_glthread overridden by environment.
1677624840813	Marionette	INFO	Marionette enabled
1677624840816	Marionette	INFO	Listening on port 33369
Read port: 33369
WebDriver BiDi listening on ws://127.0.0.1:57425
1677624841003	RemoteAgent	WARN	TLS certificate errors will be ignored for this session
console.error: ({})
console.warn: SearchSettings: "get: No settings file exists, new profile?" (new NotFoundError("Could not open the file at /tmp/rust_mozprofile7pMto9/search.json.mozlz4", (void 0)))
DevTools listening on ws://127.0.0.1:57425/devtools/browser/0f264037-7205-4ad9-977a-3f912abf183a
1677624892367	Marionette	INFO	Stopped listening on port 33369
1677625294900	geckodriver	INFO	Listening on 127.0.0.1:55923
1677625294944	mozrunner::runner	INFO	Running command: "/usr/bin/firefox" "--marionette" "--remote-debugging-port" "51825" "--remote-allow-hosts" "localhost" "-no-remote" "-profile" "/tmp/rust_mozprofileMmwS5p"
console.warn: services.settings: Ignoring preference override of remote settings server
console.warn: services.settings: Allow by setting MOZ_REMOTE_SETTINGS_DEVTOOLS=1 in the environment
ATTENTION: default value of option mesa_glthread overridden by environment.
ATTENTION: default value of option mesa_glthread overridden by environment.
ATTENTION: default value of option mesa_glthread overridden by environment.
ATTENTION: default value of option mesa_glthread overridden by environment.
1677625295753	Marionette	INFO	Marionette enabled
1677625295756	Marionette	INFO	Listening on port 43779
Read port: 43779
WebDriver BiDi listening on ws://127.0.0.1:51825
1677625295943	RemoteAgent	WARN	TLS certificate errors will be ignored for this session
console.error: ({})
console.warn: SearchSettings: "get: No settings file exists, new profile?" (new NotFoundError("Could not open the file at /tmp/rust_mozprofileMmwS5p/search.json.mozlz4", (void 0)))
DevTools listening on ws://127.0.0.1:51825/devtools/browser/c0df3e06-90df-4c6e-85fd-c9ee230adb44
JavaScript error: resource://gre/modules/AsyncShutdown.sys.mjs, line 576: NotFoundError: No such JSWindowActor 'DevToolsFrame'
JavaScript error: resource://gre/modules/AsyncShutdown.sys.mjs, line 576: NotFoundError: No such JSWindowActor 'DevToolsFrame'
JavaScript error: resource://gre/modules/AsyncShutdown.sys.mjs, line 576: NotFoundError: No such JSWindowActor 'DevToolsFrame'
JavaScript error: resource://gre/modules/AsyncShutdown.sys.mjs, line 576: NotFoundError: No such JSWindowActor 'DevToolsFrame'
JavaScript error: resource://gre/modules/AsyncShutdown.sys.mjs, line 576: NotFoundError: No such JSWindowActor 'DevToolsFrame'
JavaScript error: resource://gre/modules/AsyncShutdown.sys.mjs, line 576: NotFoundError: No such JSWindowActor 'DevToolsFrame'
JavaScript error: resource://gre/modules/AsyncShutdown.sys.mjs, line 576: NotFoundError: No such JSWindowActor 'DevToolsFrame'
JavaScript error: resource://gre/modules/AsyncShutdown.sys.mjs, line 576: NotFoundError: No such JSWindowActor 'DevToolsFrame'
JavaScript error: resource://gre/modules/AsyncShutdown.sys.mjs, line 576: NotFoundError: No such JSWindowActor 'DevToolsFrame'
1677625367723	Marionette	INFO	Stopped listening on port 43779
1677625374089	geckodriver	INFO	Listening on 127.0.0.1:34545
1677625374132	mozrunner::runner	INFO	Running command: "/usr/bin/firefox" "--marionette" "--remote-debugging-port" "38387" "--remote-allow-hosts" "localhost" "-no-remote" "-profile" "/tmp/rust_mozprofilepHZgTW"
console.warn: services.settings: Ignoring preference override of remote settings server
console.warn: services.settings: Allow by setting MOZ_REMOTE_SETTINGS_DEVTOOLS=1 in the environment
ATTENTION: default value of option mesa_glthread overridden by environment.
ATTENTION: default value of option mesa_glthread overridden by environment.
ATTENTION: default value of option mesa_glthread overridden by environment.
ATTENTION: default value of option mesa_glthread overridden by environment.
1677625374893	Marionette	INFO	Marionette enabled
1677625374896	Marionette	INFO	Listening on port 36501
Read port: 36501
WebDriver BiDi listening on ws://127.0.0.1:38387
1677625375084	RemoteAgent	WARN	TLS certificate errors will be ignored for this session
console.error: ({})
console.warn: SearchSettings: "get: No settings file exists, new profile?" (new NotFoundError("Could not open the file at /tmp/rust_mozprofilepHZgTW/search.json.mozlz4", (void 0)))
DevTools listening on ws://127.0.0.1:38387/devtools/browser/6187f2ca-57fb-4da1-b334-0b881a3001cc
1677625426138	Marionette	INFO	Stopped listening on port 36501
1677625886649	geckodriver	INFO	Listening on 127.0.0.1:35231
1677625886701	mozrunner::runner	INFO	Running command: "/usr/bin/firefox" "--marionette" "--remote-debugging-port" "56191" "--remote-allow-hosts" "localhost" "-no-remote" "-profile" "/tmp/rust_mozprofileJy71fM"
console.warn: services.settings: Ignoring preference override of remote settings server
console.warn: services.settings: Allow by setting MOZ_REMOTE_SETTINGS_DEVTOOLS=1 in the environment
ATTENTION: default value of option mesa_glthread overridden by environment.
ATTENTION: default value of option mesa_glthread overridden by environment.
ATTENTION: default value of option mesa_glthread overridden by environment.
ATTENTION: default value of option mesa_glthread overridden by environment.
1677625887481	Marionette	INFO	Marionette enabled
1677625887485	Marionette	INFO	Listening on port 45017
Read port: 45017
WebDriver BiDi listening on ws://127.0.0.1:56191
1677625887672	RemoteAgent	WARN	TLS certificate errors will be ignored for this session
console.error: ({})
console.warn: SearchSettings: "get: No settings file exists, new profile?" (new NotFoundError("Could not open the file at /tmp/rust_mozprofileJy71fM/search.json.mozlz4", (void 0)))
DevTools listening on ws://127.0.0.1:56191/devtools/browser/8f1a37d3-eda0-4a6a-bafb-df2ba4a6f72e
1677625963696	Marionette	INFO	Stopped listening on port 45017
1677626023152	geckodriver	INFO	Listening on 127.0.0.1:51707
1677626023196	mozrunner::runner	INFO	Running command: "/usr/bin/firefox" "--marionette" "--remote-debugging-port" "52383" "--remote-allow-hosts" "localhost" "-no-remote" "-profile" "/tmp/rust_mozprofile8oQUKs"
console.warn: services.settings: Ignoring preference override of remote settings server
console.warn: services.settings: Allow by setting MOZ_REMOTE_SETTINGS_DEVTOOLS=1 in the environment
ATTENTION: default value of option mesa_glthread overridden by environment.
ATTENTION: default value of option mesa_glthread overridden by environment.
ATTENTION: default value of option mesa_glthread overridden by environment.
ATTENTION: default value of option mesa_glthread overridden by environment.
1677626023965	Marionette	INFO	Marionette enabled
1677626023969	Marionette	INFO	Listening on port 35451
Read port: 35451
WebDriver BiDi listening on ws://127.0.0.1:52383
1677626024169	RemoteAgent	WARN	TLS certificate errors will be ignored for this session
console.error: ({})
console.warn: SearchSettings: "get: No settings file exists, new profile?" (new NotFoundError("Could not open the file at /tmp/rust_mozprofile8oQUKs/search.json.mozlz4", (void 0)))
DevTools listening on ws://127.0.0.1:52383/devtools/browser/34156b11-28fc-45f6-889c-45f4dd65c1c0
console.warn: LoginRecipes: "Falling back to a synchronous message for: https://www.giving.uts.edu.au."
JavaScript error: resource://gre/modules/AsyncShutdown.sys.mjs, line 576: NotFoundError: No such JSWindowActor 'DevToolsFrame'
JavaScript error: resource://gre/modules/AsyncShutdown.sys.mjs, line 576: NotFoundError: No such JSWindowActor 'DevToolsFrame'
JavaScript error: resource://gre/modules/AsyncShutdown.sys.mjs, line 576: NotFoundError: No such JSWindowActor 'DevToolsFrame'
JavaScript error: resource://gre/modules/AsyncShutdown.sys.mjs, line 576: NotFoundError: No such JSWindowActor 'DevToolsFrame'
JavaScript error: resource://gre/modules/AsyncShutdown.sys.mjs, line 576: NotFoundError: No such JSWindowActor 'DevToolsFrame'
JavaScript error: resource://gre/modules/AsyncShutdown.sys.mjs, line 576: NotFoundError: No such JSWindowActor 'DevToolsFrame'
JavaScript error: resource://gre/modules/AsyncShutdown.sys.mjs, line 576: NotFoundError: No such JSWindowActor 'DevToolsFrame'
JavaScript error: resource://gre/modules/AsyncShutdown.sys.mjs, line 576: NotFoundError: No such JSWindowActor 'DevToolsFrame'
JavaScript error: resource://gre/modules/AsyncShutdown.sys.mjs, line 576: NotFoundError: No such JSWindowActor 'DevToolsFrame'
JavaScript error: resource://gre/modules/AsyncShutdown.sys.mjs, line 576: NotFoundError: No such JSWindowActor 'DevToolsFrame'
JavaScript error: resource://gre/modules/AsyncShutdown.sys.mjs, line 576: NotFoundError: No such JSWindowActor 'DevToolsFrame'
JavaScript error: resource://gre/modules/AsyncShutdown.sys.mjs, line 576: NotFoundError: No such JSWindowActor 'DevToolsFrame'
1677626088631	Marionette	INFO	Stopped listening on port 35451
1677626094669	geckodriver	INFO	Listening on 127.0.0.1:43671
1677626094712	mozrunner::runner	INFO	Running command: "/usr/bin/firefox" "--marionette" "--remote-debugging-port" "57013" "--remote-allow-hosts" "localhost" "-no-remote" "-profile" "/tmp/rust_mozprofilevAfngY"
console.warn: services.settings: Ignoring preference override of remote settings server
console.warn: services.settings: Allow by setting MOZ_REMOTE_SETTINGS_DEVTOOLS=1 in the environment
ATTENTION: default value of option mesa_glthread overridden by environment.
ATTENTION: default value of option mesa_glthread overridden by environment.
ATTENTION: default value of option mesa_glthread overridden by environment.
ATTENTION: default value of option mesa_glthread overridden by environment.
1677626095496	Marionette	INFO	Marionette enabled
1677626095500	Marionette	INFO	Listening on port 43563
Read port: 43563
WebDriver BiDi listening on ws://127.0.0.1:57013
1677626095687	RemoteAgent	WARN	TLS certificate errors will be ignored for this session
console.error: ({})
console.warn: SearchSettings: "get: No settings file exists, new profile?" (new NotFoundError("Could not open the file at /tmp/rust_mozprofilevAfngY/search.json.mozlz4", (void 0)))
DevTools listening on ws://127.0.0.1:57013/devtools/browser/7d00ec63-2f97-4754-a254-6ee74107c60e
1677626125831	Marionette	INFO	Stopped listening on port 43563
1677626138531	geckodriver	INFO	Listening on 127.0.0.1:41889
1677626138576	mozrunner::runner	INFO	Running command: "/usr/bin/firefox" "--marionette" "--remote-debugging-port" "58513" "--remote-allow-hosts" "localhost" "-no-remote" "-profile" "/tmp/rust_mozprofile60y7Z3"
console.warn: services.settings: Ignoring preference override of remote settings server
console.warn: services.settings: Allow by setting MOZ_REMOTE_SETTINGS_DEVTOOLS=1 in the environment
ATTENTION: default value of option mesa_glthread overridden by environment.
ATTENTION: default value of option mesa_glthread overridden by environment.
ATTENTION: default value of option mesa_glthread overridden by environment.
ATTENTION: default value of option mesa_glthread overridden by environment.
1677626139349	Marionette	INFO	Marionette enabled
1677626139353	Marionette	INFO	Listening on port 37413
Read port: 37413
WebDriver BiDi listening on ws://127.0.0.1:58513
1677626139537	RemoteAgent	WARN	TLS certificate errors will be ignored for this session
console.error: ({})
console.warn: SearchSettings: "get: No settings file exists, new profile?" (new NotFoundError("Could not open the file at /tmp/rust_mozprofile60y7Z3/search.json.mozlz4", (void 0)))
DevTools listening on ws://127.0.0.1:58513/devtools/browser/b6cfb45b-d7a2-4589-89a1-0f9a2ab8c28d
console.warn: LoginRecipes: "Falling back to a synchronous message for: https://www.giving.uts.edu.au."
console.warn: LoginRecipes: "Falling back to a synchronous message for: https://www.giving.uts.edu.au."
console.error: (new TypeError("parent is null", "resource://devtools/client/inspector/shared/style-change-tracker.js", 67))
TypeError: parent is null: canMutationImpactCurrentStyles@resource://devtools/client/inspector/shared/style-change-tracker.js:67:24
onMutations@resource://devtools/client/inspector/shared/style-change-tracker.js:84:41
_emit@resource://devtools/shared/event-emitter.js:242:32
emit@resource://devtools/shared/event-emitter.js:186:18
emit@resource://devtools/shared/event-emitter.js:330:18
getMutations@resource://devtools/client/fronts/walker.js:313:10

console.error: (new TypeError("nodeFront.walkerFront is null", "resource://devtools/client/inspector/markup/markup.js", 1012))
TypeError: nodeFront.walkerFront is null: _onNewSelection@resource://devtools/client/inspector/markup/markup.js:1012:7
_emit@resource://devtools/shared/event-emitter.js:242:32
emit@resource://devtools/shared/event-emitter.js:186:18
emit@resource://devtools/shared/event-emitter.js:330:18
setNodeFront@resource://devtools/client/framework/selection.js:203:10
onDetached@resource://devtools/client/inspector/inspector.js:1685:20
_emit@resource://devtools/shared/event-emitter.js:242:32
emit@resource://devtools/shared/event-emitter.js:186:18
emit@resource://devtools/shared/event-emitter.js:330:18
_onMutations@resource://devtools/client/framework/selection.js:104:12
_emit@resource://devtools/shared/event-emitter.js:242:32
emit@resource://devtools/shared/event-emitter.js:186:18
emit@resource://devtools/shared/event-emitter.js:330:18
getMutations@resource://devtools/client/fronts/walker.js:313:10

console.error: (new Error("Can not send request 'getUniqueSelector' because front 'domnode' is already destroyed.", "resource://devtools/shared/protocol/Front/FrontClassWithSpec.js", 28))
console.error: (new TypeError("container.node.targetFront is null", "resource://devtools/client/inspector/markup/markup.js", 2397))
console.warn: "Listener for event 'frame' did not return a promise."
console.warn: "Listener for event 'frame' did not return a promise."
console.warn: "Listener for event 'frame' did not return a promise."
console.error: (new TypeError("parent is null", "resource://devtools/client/inspector/shared/style-change-tracker.js", 67))
TypeError: parent is null: canMutationImpactCurrentStyles@resource://devtools/client/inspector/shared/style-change-tracker.js:67:24
onMutations@resource://devtools/client/inspector/shared/style-change-tracker.js:84:41
_emit@resource://devtools/shared/event-emitter.js:242:32
emit@resource://devtools/shared/event-emitter.js:186:18
emit@resource://devtools/shared/event-emitter.js:330:18
getMutations@resource://devtools/client/fronts/walker.js:313:10

console.warn: "Listener for event 'frame' did not return a promise."
JavaScript error: resource://gre/modules/AsyncShutdown.sys.mjs, line 576: NotFoundError: No such JSWindowActor 'DevToolsFrame'
JavaScript error: resource://gre/modules/AsyncShutdown.sys.mjs, line 576: NotFoundError: No such JSWindowActor 'DevToolsFrame'
JavaScript error: resource://gre/modules/AsyncShutdown.sys.mjs, line 576: NotFoundError: No such JSWindowActor 'DevToolsFrame'
JavaScript error: resource://gre/modules/AsyncShutdown.sys.mjs, line 576: NotFoundError: No such JSWindowActor 'DevToolsFrame'
JavaScript error: resource://gre/modules/AsyncShutdown.sys.mjs, line 576: NotFoundError: No such JSWindowActor 'DevToolsFrame'
JavaScript error: resource://gre/modules/AsyncShutdown.sys.mjs, line 576: NotFoundError: No such JSWindowActor 'DevToolsFrame'
JavaScript error: resource://gre/modules/AsyncShutdown.sys.mjs, line 576: NotFoundError: No such JSWindowActor 'DevToolsFrame'
JavaScript error: resource://gre/modules/AsyncShutdown.sys.mjs, line 576: NotFoundError: No such JSWindowActor 'DevToolsFrame'
JavaScript error: resource://gre/modules/AsyncShutdown.sys.mjs, line 576: NotFoundError: No such JSWindowActor 'DevToolsFrame'
JavaScript error: resource://gre/modules/AsyncShutdown.sys.mjs, line 576: NotFoundError: No such JSWindowActor 'DevToolsFrame'
1677626246475	Marionette	INFO	Stopped listening on port 37413
1677626254046	geckodriver	INFO	Listening on 127.0.0.1:50941
1677626254092	mozrunner::runner	INFO	Running command: "/usr/bin/firefox" "--marionette" "--remote-debugging-port" "39821" "--remote-allow-hosts" "localhost" "-no-remote" "-profile" "/tmp/rust_mozprofileryGFNG"
console.warn: services.settings: Ignoring preference override of remote settings server
console.warn: services.settings: Allow by setting MOZ_REMOTE_SETTINGS_DEVTOOLS=1 in the environment
ATTENTION: default value of option mesa_glthread overridden by environment.
ATTENTION: default value of option mesa_glthread overridden by environment.
ATTENTION: default value of option mesa_glthread overridden by environment.
ATTENTION: default value of option mesa_glthread overridden by environment.
1677626254876	Marionette	INFO	Marionette enabled
1677626254881	Marionette	INFO	Listening on port 41237
Read port: 41237
WebDriver BiDi listening on ws://127.0.0.1:39821
1677626255069	RemoteAgent	WARN	TLS certificate errors will be ignored for this session
console.error: ({})
console.warn: SearchSettings: "get: No settings file exists, new profile?" (new NotFoundError("Could not open the file at /tmp/rust_mozprofileryGFNG/search.json.mozlz4", (void 0)))
DevTools listening on ws://127.0.0.1:39821/devtools/browser/1908de96-e968-4e86-9c3b-12f77280a0f4
1677626275636	Marionette	INFO	Stopped listening on port 41237
1677626854247	geckodriver	INFO	Listening on 127.0.0.1:58347
1677626854292	mozrunner::runner	INFO	Running command: "/usr/bin/firefox" "--marionette" "--remote-debugging-port" "47633" "--remote-allow-hosts" "localhost" "-no-remote" "-profile" "/tmp/rust_mozprofileb6ZmaE"
console.warn: services.settings: Ignoring preference override of remote settings server
console.warn: services.settings: Allow by setting MOZ_REMOTE_SETTINGS_DEVTOOLS=1 in the environment
ATTENTION: default value of option mesa_glthread overridden by environment.
ATTENTION: default value of option mesa_glthread overridden by environment.
ATTENTION: default value of option mesa_glthread overridden by environment.
ATTENTION: default value of option mesa_glthread overridden by environment.
1677626855058	Marionette	INFO	Marionette enabled
1677626855062	Marionette	INFO	Listening on port 42583
Read port: 42583
WebDriver BiDi listening on ws://127.0.0.1:47633
1677626855256	RemoteAgent	WARN	TLS certificate errors will be ignored for this session
console.error: ({})
console.warn: SearchSettings: "get: No settings file exists, new profile?" (new NotFoundError("Could not open the file at /tmp/rust_mozprofileb6ZmaE/search.json.mozlz4", (void 0)))
DevTools listening on ws://127.0.0.1:47633/devtools/browser/f323cb69-1079-4bc3-8b5c-7718bed0dbe8
1677626903109	Marionette	INFO	Stopped listening on port 42583
1677626936556	geckodriver	INFO	Listening on 127.0.0.1:39361
1677626936600	mozrunner::runner	INFO	Running command: "/usr/bin/firefox" "--marionette" "--remote-debugging-port" "59457" "--remote-allow-hosts" "localhost" "-no-remote" "-profile" "/tmp/rust_mozprofileaPOj2b"
console.warn: services.settings: Ignoring preference override of remote settings server
console.warn: services.settings: Allow by setting MOZ_REMOTE_SETTINGS_DEVTOOLS=1 in the environment
ATTENTION: default value of option mesa_glthread overridden by environment.
ATTENTION: default value of option mesa_glthread overridden by environment.
ATTENTION: default value of option mesa_glthread overridden by environment.
ATTENTION: default value of option mesa_glthread overridden by environment.
1677626937410	Marionette	INFO	Marionette enabled
1677626937413	Marionette	INFO	Listening on port 34963
Read port: 34963
WebDriver BiDi listening on ws://127.0.0.1:59457
1677626937607	RemoteAgent	WARN	TLS certificate errors will be ignored for this session
console.error: ({})
console.warn: SearchSettings: "get: No settings file exists, new profile?" (new NotFoundError("Could not open the file at /tmp/rust_mozprofileaPOj2b/search.json.mozlz4", (void 0)))
DevTools listening on ws://127.0.0.1:59457/devtools/browser/595e6a19-90d2-4cea-b34e-1b02b5507c35
JavaScript error: resource://gre/modules/AsyncShutdown.sys.mjs, line 576: NotFoundError: No such JSWindowActor 'DevToolsFrame'
JavaScript error: resource://gre/modules/AsyncShutdown.sys.mjs, line 576: NotFoundError: No such JSWindowActor 'DevToolsFrame'
JavaScript error: resource://gre/modules/AsyncShutdown.sys.mjs, line 576: NotFoundError: No such JSWindowActor 'DevToolsFrame'
JavaScript error: resource://gre/modules/AsyncShutdown.sys.mjs, line 576: NotFoundError: No such JSWindowActor 'DevToolsFrame'
JavaScript error: resource://gre/modules/AsyncShutdown.sys.mjs, line 576: NotFoundError: No such JSWindowActor 'DevToolsFrame'
JavaScript error: resource://gre/modules/AsyncShutdown.sys.mjs, line 576: NotFoundError: No such JSWindowActor 'DevToolsFrame'
JavaScript error: resource://gre/modules/AsyncShutdown.sys.mjs, line 576: NotFoundError: No such JSWindowActor 'DevToolsFrame'
JavaScript error: resource://gre/modules/AsyncShutdown.sys.mjs, line 576: NotFoundError: No such JSWindowActor 'DevToolsFrame'
JavaScript error: resource://gre/modules/AsyncShutdown.sys.mjs, line 576: NotFoundError: No such JSWindowActor 'DevToolsFrame'
1677627124356	Marionette	INFO	Stopped listening on port 34963
1677627307370	geckodriver	INFO	Listening on 127.0.0.1:36391
1677627307416	mozrunner::runner	INFO	Running command: "/usr/bin/firefox" "--marionette" "--remote-debugging-port" "32783" "--remote-allow-hosts" "localhost" "-no-remote" "-profile" "/tmp/rust_mozprofileIuAKAe"
console.warn: services.settings: Ignoring preference override of remote settings server
console.warn: services.settings: Allow by setting MOZ_REMOTE_SETTINGS_DEVTOOLS=1 in the environment
ATTENTION: default value of option mesa_glthread overridden by environment.
ATTENTION: default value of option mesa_glthread overridden by environment.
ATTENTION: default value of option mesa_glthread overridden by environment.
ATTENTION: default value of option mesa_glthread overridden by environment.
1677627308194	Marionette	INFO	Marionette enabled
1677627308198	Marionette	INFO	Listening on port 39313
Read port: 39313
WebDriver BiDi listening on ws://127.0.0.1:32783
1677627308410	RemoteAgent	WARN	TLS certificate errors will be ignored for this session
console.error: ({})
console.warn: SearchSettings: "get: No settings file exists, new profile?" (new NotFoundError("Could not open the file at /tmp/rust_mozprofileIuAKAe/search.json.mozlz4", (void 0)))
DevTools listening on ws://127.0.0.1:32783/devtools/browser/594db97d-76d1-4258-af6f-ac1694c32185
console.warn: LoginRecipes: "Falling back to a synchronous message for: https://www.giving.uts.edu.au."
JavaScript warning: https://www.giving.uts.edu.au/donate, line 1: unreachable code after return statement
1677627349527	Marionette	INFO	Stopped listening on port 39313
1677627482732	geckodriver	INFO	Listening on 127.0.0.1:47019
1677627482776	mozrunner::runner	INFO	Running command: "/usr/bin/firefox" "--marionette" "--remote-debugging-port" "37973" "--remote-allow-hosts" "localhost" "-no-remote" "-profile" "/tmp/rust_mozprofileqgKTTf"
console.warn: services.settings: Ignoring preference override of remote settings server
console.warn: services.settings: Allow by setting MOZ_REMOTE_SETTINGS_DEVTOOLS=1 in the environment
ATTENTION: default value of option mesa_glthread overridden by environment.
ATTENTION: default value of option mesa_glthread overridden by environment.
ATTENTION: default value of option mesa_glthread overridden by environment.
ATTENTION: default value of option mesa_glthread overridden by environment.
1677627483535	Marionette	INFO	Marionette enabled
1677627483539	Marionette	INFO	Listening on port 40193
Read port: 40193
WebDriver BiDi listening on ws://127.0.0.1:37973
1677627483745	RemoteAgent	WARN	TLS certificate errors will be ignored for this session
console.error: ({})
console.warn: SearchSettings: "get: No settings file exists, new profile?" (new NotFoundError("Could not open the file at /tmp/rust_mozprofileqgKTTf/search.json.mozlz4", (void 0)))
DevTools listening on ws://127.0.0.1:37973/devtools/browser/41ca3494-63f3-4d26-b9f4-033d2fc3760a
console.warn: LoginRecipes: "Falling back to a synchronous message for: https://www.giving.uts.edu.au."
JavaScript warning: https://www.giving.uts.edu.au/donate, line 1: unreachable code after return statement
1677627502342	Marionette	INFO	Stopped listening on port 40193
1677627827761	geckodriver	INFO	Listening on 127.0.0.1:50299
1677627827804	mozrunner::runner	INFO	Running command: "/usr/bin/firefox" "--marionette" "--ignore-certificate-errors--start-maximized" "--remote-debugging-port" "55925" "--remote-allow-hosts" "localhost" "-no-remote" "-profile" "/tmp/rust_mozprofilejPlG0d"
console.warn: services.settings: Ignoring preference override of remote settings server
console.warn: services.settings: Allow by setting MOZ_REMOTE_SETTINGS_DEVTOOLS=1 in the environment
ATTENTION: default value of option mesa_glthread overridden by environment.
ATTENTION: default value of option mesa_glthread overridden by environment.
ATTENTION: default value of option mesa_glthread overridden by environment.
ATTENTION: default value of option mesa_glthread overridden by environment.
1677627828573	Marionette	INFO	Marionette enabled
1677627828578	Marionette	INFO	Listening on port 43315
Read port: 43315
console.error: "Warning: unrecognized command line flag -ignore-certificate-errors--start-maximized\n"
WebDriver BiDi listening on ws://127.0.0.1:55925
1677627828775	RemoteAgent	WARN	TLS certificate errors will be ignored for this session
console.error: ({})
console.warn: SearchSettings: "get: No settings file exists, new profile?" (new NotFoundError("Could not open the file at /tmp/rust_mozprofilejPlG0d/search.json.mozlz4", (void 0)))
DevTools listening on ws://127.0.0.1:55925/devtools/browser/af93267e-b01e-4ad0-8cb0-0128b78cbfcc
console.warn: LoginRecipes: "Falling back to a synchronous message for: https://www.giving.uts.edu.au."
JavaScript warning: https://www.giving.uts.edu.au/donate, line 1: unreachable code after return statement
1677627862617	Marionette	INFO	Stopped listening on port 43315
1677627922982	geckodriver	INFO	Listening on 127.0.0.1:38647
1677627923028	mozrunner::runner	INFO	Running command: "/usr/bin/firefox" "--marionette" "--ignore-certificate-errors--start-maximized" "--remote-debugging-port" "46155" "--remote-allow-hosts" "localhost" "-no-remote" "-profile" "/tmp/rust_mozprofilea3YVvc"
console.warn: services.settings: Ignoring preference override of remote settings server
console.warn: services.settings: Allow by setting MOZ_REMOTE_SETTINGS_DEVTOOLS=1 in the environment
ATTENTION: default value of option mesa_glthread overridden by environment.
ATTENTION: default value of option mesa_glthread overridden by environment.
ATTENTION: default value of option mesa_glthread overridden by environment.
ATTENTION: default value of option mesa_glthread overridden by environment.
1677627923798	Marionette	INFO	Marionette enabled
1677627923802	Marionette	INFO	Listening on port 36483
Read port: 36483
console.error: "Warning: unrecognized command line flag -ignore-certificate-errors--start-maximized\n"
WebDriver BiDi listening on ws://127.0.0.1:46155
1677627923988	RemoteAgent	WARN	TLS certificate errors will be ignored for this session
console.error: ({})
console.warn: SearchSettings: "get: No settings file exists, new profile?" (new NotFoundError("Could not open the file at /tmp/rust_mozprofilea3YVvc/search.json.mozlz4", (void 0)))
DevTools listening on ws://127.0.0.1:46155/devtools/browser/20906126-2de9-499c-9caf-cbf27d8312d0
console.warn: LoginRecipes: "Falling back to a synchronous message for: https://www.giving.uts.edu.au."
JavaScript warning: https://www.giving.uts.edu.au/donate, line 1: unreachable code after return statement
JavaScript error: https://www.gstatic.com/recaptcha/releases/Nh10qRQB5k2ucc5SCBLAQ4nA/recaptcha__en.js, line 836: SecurityError: Permission denied to access property "a-i8o5mgss6k12" on cross-origin object
1677627941829	Marionette	INFO	Stopped listening on port 36483
1677627951261	geckodriver	INFO	Listening on 127.0.0.1:54325
1677627951308	mozrunner::runner	INFO	Running command: "/usr/bin/firefox" "--marionette" "--ignore-certificate-errors--start-maximized" "--remote-debugging-port" "60933" "--remote-allow-hosts" "localhost" "-no-remote" "-profile" "/tmp/rust_mozprofile3S94lq"
console.warn: services.settings: Ignoring preference override of remote settings server
console.warn: services.settings: Allow by setting MOZ_REMOTE_SETTINGS_DEVTOOLS=1 in the environment
ATTENTION: default value of option mesa_glthread overridden by environment.
ATTENTION: default value of option mesa_glthread overridden by environment.
ATTENTION: default value of option mesa_glthread overridden by environment.
ATTENTION: default value of option mesa_glthread overridden by environment.
1677627952048	Marionette	INFO	Marionette enabled
1677627952051	Marionette	INFO	Listening on port 43053
console.error: "Warning: unrecognized command line flag -ignore-certificate-errors--start-maximized\n"
Read port: 43053
WebDriver BiDi listening on ws://127.0.0.1:60933
1677627952237	RemoteAgent	WARN	TLS certificate errors will be ignored for this session
console.error: ({})
console.warn: SearchSettings: "get: No settings file exists, new profile?" (new NotFoundError("Could not open the file at /tmp/rust_mozprofile3S94lq/search.json.mozlz4", (void 0)))
DevTools listening on ws://127.0.0.1:60933/devtools/browser/735942af-0f03-4bd0-9017-6bf4464aa43c
console.warn: LoginRecipes: "Falling back to a synchronous message for: https://www.giving.uts.edu.au."
JavaScript warning: https://www.giving.uts.edu.au/donate, line 1: unreachable code after return statement
1677627980751	Marionette	INFO	Stopped listening on port 43053
1678141599840	geckodriver	INFO	Listening on 127.0.0.1:53621
1678141600484	mozrunner::runner	INFO	Running command: "/usr/bin/firefox" "--marionette" "--ignore-certificate-errors--start-maximized" "--remote-debugging-port" "52793" "--remote-allow-hosts" "localhost" "-no-remote" "-profile" "/tmp/rust_mozprofileYO3ZoC"
console.warn: services.settings: Ignoring preference override of remote settings server
console.warn: services.settings: Allow by setting MOZ_REMOTE_SETTINGS_DEVTOOLS=1 in the environment
ATTENTION: default value of option mesa_glthread overridden by environment.
ATTENTION: default value of option mesa_glthread overridden by environment.
ATTENTION: default value of option mesa_glthread overridden by environment.
ATTENTION: default value of option mesa_glthread overridden by environment.
1678141601006	Marionette	INFO	Marionette enabled
1678141601009	Marionette	INFO	Listening on port 37355
console.error: "Warning: unrecognized command line flag -ignore-certificate-errors--start-maximized\n"
Read port: 37355
WebDriver BiDi listening on ws://127.0.0.1:52793
1678141601165	RemoteAgent	WARN	TLS certificate errors will be ignored for this session
console.error: ({})
console.warn: SearchSettings: "get: No settings file exists, new profile?" (new NotFoundError("Could not open the file at /tmp/rust_mozprofileYO3ZoC/search.json.mozlz4", (void 0)))
DevTools listening on ws://127.0.0.1:52793/devtools/browser/9f421361-87c2-4266-8fb7-d8ce26ce3d3b
1678141663083	Marionette	INFO	Stopped listening on port 37355
